<?xml version="1.0" encoding="UTF-8"?>
<testsuite name="ChatTest" tests="3" skipped="0" failures="0" errors="0" timestamp="2022-07-06T09:58:21" hostname="USER-ПК" time="0.015">
  <properties/>
  <testcase name="editMessage" classname="ChatTest" time="0.014"/>
  <testcase name="createMessage" classname="ChatTest" time="0.0"/>
  <testcase name="deleteMessage" classname="ChatTest" time="0.0"/>
  <system-out><![CDATA[]]></system-out>
  <system-err><![CDATA[]]></system-err>
</testsuite>
